<?xml version="1.0" encoding="UTF-8"?>
<testng-results ignored="0" total="1" passed="1" failed="0" skipped="0">
  <reporter-output>
  </reporter-output>
  <suite started-at="2024-11-21T19:17:03 EST" name="Default suite" finished-at="2024-11-21T19:17:03 EST" duration-ms="83">
    <groups>
    </groups>
    <test started-at="2024-11-21T19:17:03 EST" name="Default test" finished-at="2024-11-21T19:17:03 EST" duration-ms="83">
      <class name="PS1">
        <test-method is-config="true" signature="beforeRun()[pri:0, instance:PS1@1613674b]" started-at="2024-11-21T19:17:03 EST" name="beforeRun" finished-at="2024-11-21T19:17:03 EST" duration-ms="6" status="PASS">
          <reporter-output>
          </reporter-output>
        </test-method> <!-- beforeRun -->
        <test-method signature="testRun()[pri:0, instance:PS1@1613674b]" started-at="2024-11-21T19:17:03 EST" name="testRun" finished-at="2024-11-21T19:17:03 EST" duration-ms="5" status="PASS">
          <reporter-output>
          </reporter-output>
        </test-method> <!-- testRun -->
        <test-method is-config="true" signature="afterRun()[pri:0, instance:PS1@1613674b]" started-at="2024-11-21T19:17:03 EST" name="afterRun" finished-at="2024-11-21T19:17:03 EST" duration-ms="4" status="PASS">
          <reporter-output>
          </reporter-output>
        </test-method> <!-- afterRun -->
      </class> <!-- PS1 -->
    </test> <!-- Default test -->
  </suite> <!-- Default suite -->
</testng-results>
