<?xml version="1.0" encoding="UTF-8"?>
<testng-results ignored="0" total="1" passed="1" failed="0" skipped="0">
  <reporter-output>
  </reporter-output>
  <suite started-at="2024-11-16T07:26:50 EST" name="Default suite" finished-at="2024-11-16T07:26:50 EST" duration-ms="43">
    <groups>
    </groups>
    <test started-at="2024-11-16T07:26:50 EST" name="Default test" finished-at="2024-11-16T07:26:50 EST" duration-ms="43">
      <class name="test.Day1">
        <test-method signature="Demo()[pri:0, instance:test.Day1@29e495ff]" started-at="2024-11-16T07:26:50 EST" name="Demo" finished-at="2024-11-16T07:26:50 EST" duration-ms="9" status="PASS">
          <reporter-output>
          </reporter-output>
        </test-method> <!-- Demo -->
      </class> <!-- test.Day1 -->
    </test> <!-- Default test -->
  </suite> <!-- Default suite -->
</testng-results>
