<?xml version="1.0" encoding="UTF-8"?>
<testng-results ignored="8" total="11" passed="3" failed="0" skipped="0">
  <reporter-output>
  </reporter-output>
  <suite started-at="2024-11-18T07:53:18 EST" name="Loan Department" finished-at="2024-11-18T07:53:18 EST" duration-ms="71">
    <groups>
      <group name="Smoke">
        <method signature="Day2.ploan()[pri:0, instance:test.Day2@71238fc2]" name="ploan" class="test.Day2"/>
        <method signature="Day3.MobileLoginCarLoan()[pri:0, instance:test.Day3@3d6f0054]" name="MobileLoginCarLoan" class="test.Day3"/>
        <method signature="Day4.MobileLoginHomeLoan()[pri:0, instance:test.Day4@505fc5a4]" name="MobileLoginHomeLoan" class="test.Day4"/>
      </group> <!-- Smoke -->
    </groups>
    <test started-at="2024-11-18T07:53:18 EST" name="Regression" finished-at="2024-11-18T07:53:18 EST" duration-ms="71">
      <class name="test.Day2">
        <test-method signature="ploan()[pri:0, instance:test.Day2@71238fc2]" started-at="2024-11-18T07:53:18 EST" name="ploan" finished-at="2024-11-18T07:53:18 EST" duration-ms="8" status="PASS">
          <reporter-output>
          </reporter-output>
        </test-method> <!-- ploan -->
      </class> <!-- test.Day2 -->
      <class name="test.Day3">
        <test-method signature="MobileLoginCarLoan()[pri:0, instance:test.Day3@3d6f0054]" started-at="2024-11-18T07:53:18 EST" name="MobileLoginCarLoan" finished-at="2024-11-18T07:53:18 EST" duration-ms="1" status="PASS">
          <reporter-output>
          </reporter-output>
        </test-method> <!-- MobileLoginCarLoan -->
      </class> <!-- test.Day3 -->
      <class name="test.Day4">
        <test-method signature="MobileLoginHomeLoan()[pri:0, instance:test.Day4@505fc5a4]" started-at="2024-11-18T07:53:18 EST" name="MobileLoginHomeLoan" finished-at="2024-11-18T07:53:18 EST" duration-ms="2" status="PASS">
          <reporter-output>
          </reporter-output>
        </test-method> <!-- MobileLoginHomeLoan -->
      </class> <!-- test.Day4 -->
    </test> <!-- Regression -->
  </suite> <!-- Loan Department -->
</testng-results>
