<?xml version="1.0" encoding="UTF-8"?>
<!-- Generated by org.testng.reporters.JUnitXMLReporter -->
<testsuite ignored="1" hostname="Rusty" failures="0" tests="4" name="Car Loan" time="0.01" errors="0" timestamp="2024-11-16T10:42:34 EST">
  <testcase classname="test.Day3" name="MobileLoginCarLoan" time="0.002"/>
  <testcase classname="test.Day3" name="MobileSignInCarLoan" time="0.0"/>
  <testcase classname="test.Day3" name="MobileSignOutCarLoan" time="0.001"/>
  <testcase classname="test.Day3" name="WebLoginCarLoan" time="0.0"/>
  <testcase classname="test.Day3" name="APICarLoan" time="0.0">
    <ignored/>
  </testcase> <!-- APICarLoan -->
</testsuite> <!-- Car Loan -->
