<?xml version="1.0" encoding="UTF-8"?>
<!-- Generated by org.testng.reporters.JUnitXMLReporter -->
<testsuite ignored="1" hostname="Rusty" failures="0" tests="5" name="Personal Loan" time="0.134" errors="0" timestamp="2024-11-16T11:26:27 EST">
  <testcase classname="test.Day1" name="Demo" time="0.005"/>
  <testcase classname="test.Day2" name="ploan" time="0.002"/>
  <testcase classname="test.Day4" name="LoginAPIHomeLoan" time="0.016"/>
  <testcase classname="test.Day4" name="MobileLoginHomeLoan" time="0.005"/>
  <testcase classname="test.Day4" name="WebLoginHomeLoan" time="0.023"/>
  <testcase classname="test.Day1" name="SecondTest" time="0.0">
    <ignored/>
  </testcase> <!-- SecondTest -->
</testsuite> <!-- Personal Loan -->
