<?xml version="1.0" encoding="UTF-8"?>
<!-- Generated by org.testng.reporters.JUnitXMLReporter -->
<testsuite ignored="1" hostname="Rusty" failures="0" tests="5" name="Personal Loan" time="0.186" errors="0" timestamp="2024-11-19T06:38:48 EST">
  <testcase classname="test.Day1" name="Demo" time="0.011"/>
  <testcase classname="test.Day2" name="ploan" time="0.007"/>
  <testcase classname="test.Day4" name="LoginAPIHomeLoan" time="0.013"/>
  <testcase classname="test.Day4" name="MobileLoginHomeLoan" time="0.005"/>
  <testcase classname="test.Day4" name="WebLoginHomeLoan" time="0.024"/>
  <testcase classname="test.Day1" name="SecondTest" time="0.0">
    <ignored/>
  </testcase> <!-- SecondTest -->
</testsuite> <!-- Personal Loan -->
