<?xml version="1.0" encoding="UTF-8"?>
<!-- Generated by org.testng.reporters.JUnitXMLReporter -->
<testsuite ignored="3" hostname="Rusty" failures="0" tests="8" name="Regression" time="0.157" errors="0" timestamp="2024-11-18T07:57:28 EST">
  <testcase classname="test.Day1" name="Demo" time="0.009"/>
  <testcase classname="test.Day1" name="SecondTest" time="0.002"/>
  <testcase classname="test.Day3" name="APICarLoan" time="0.005"/>
  <testcase classname="test.Day3" name="MobileSignInCarLoan" time="0.003"/>
  <testcase classname="test.Day3" name="MobileSignOutCarLoan" time="0.007"/>
  <testcase classname="test.Day3" name="WebLoginCarLoan" time="0.003"/>
  <testcase classname="test.Day4" name="LoginAPIHomeLoan" time="0.003"/>
  <testcase classname="test.Day4" name="WebLoginHomeLoan" time="0.004"/>
  <testcase classname="test.Day4" name="MobileLoginHomeLoan" time="0.0">
    <ignored/>
  </testcase> <!-- MobileLoginHomeLoan -->
  <testcase classname="test.Day3" name="MobileLoginCarLoan" time="0.0">
    <ignored/>
  </testcase> <!-- MobileLoginCarLoan -->
  <testcase classname="test.Day2" name="ploan" time="0.0">
    <ignored/>
  </testcase> <!-- ploan -->
</testsuite> <!-- Regression -->
