<?xml version="1.0" encoding="UTF-8"?>
<testng-results ignored="0" total="2" passed="2" failed="0" skipped="0">
  <reporter-output>
  </reporter-output>
  <suite started-at="2025-05-19T08:17:28 EDT" name="Default suite" finished-at="2025-05-19T08:17:48 EDT" duration-ms="20107">
    <groups>
    </groups>
    <test started-at="2025-05-19T08:17:28 EDT" name="Default test" finished-at="2025-05-19T08:17:48 EDT" duration-ms="20107">
      <class name="rahulshettyacademy.tests.SubmitOrderTest">
        <test-method is-config="true" signature="launchApplication()[pri:0, instance:rahulshettyacademy.tests.SubmitOrderTest@15bb5034]" started-at="2025-05-19T08:17:28 EDT" name="launchApplication" finished-at="2025-05-19T08:17:37 EDT" duration-ms="9033" status="PASS">
          <reporter-output>
          </reporter-output>
        </test-method> <!-- launchApplication -->
        <test-method signature="submitOrder()[pri:0, instance:rahulshettyacademy.tests.SubmitOrderTest@15bb5034]" started-at="2025-05-19T08:17:37 EDT" name="submitOrder" finished-at="2025-05-19T08:17:42 EDT" duration-ms="4897" status="PASS">
          <reporter-output>
          </reporter-output>
        </test-method> <!-- submitOrder -->
        <test-method is-config="true" signature="tearDown()[pri:0, instance:rahulshettyacademy.tests.SubmitOrderTest@15bb5034]" started-at="2025-05-19T08:17:42 EDT" name="tearDown" finished-at="2025-05-19T08:17:42 EDT" duration-ms="125" status="PASS">
          <reporter-output>
          </reporter-output>
        </test-method> <!-- tearDown -->
        <test-method is-config="true" signature="launchApplication()[pri:0, instance:rahulshettyacademy.tests.SubmitOrderTest@15bb5034]" started-at="2025-05-19T08:17:42 EDT" name="launchApplication" finished-at="2025-05-19T08:17:47 EDT" duration-ms="4738" status="PASS">
          <reporter-output>
          </reporter-output>
        </test-method> <!-- launchApplication -->
        <test-method signature="OrderHistoryTest()[pri:0, instance:rahulshettyacademy.tests.SubmitOrderTest@15bb5034]" started-at="2025-05-19T08:17:47 EDT" name="OrderHistoryTest" finished-at="2025-05-19T08:17:48 EDT" depends-on-methods="rahulshettyacademy.tests.SubmitOrderTest.submitOrder" duration-ms="1136" status="PASS">
          <reporter-output>
          </reporter-output>
        </test-method> <!-- OrderHistoryTest -->
        <test-method is-config="true" signature="tearDown()[pri:0, instance:rahulshettyacademy.tests.SubmitOrderTest@15bb5034]" started-at="2025-05-19T08:17:48 EDT" name="tearDown" finished-at="2025-05-19T08:17:48 EDT" duration-ms="111" status="PASS">
          <reporter-output>
          </reporter-output>
        </test-method> <!-- tearDown -->
      </class> <!-- rahulshettyacademy.tests.SubmitOrderTest -->
    </test> <!-- Default test -->
  </suite> <!-- Default suite -->
</testng-results>
