<?xml version="1.0" encoding="UTF-8"?>
<testng-results ignored="0" total="1" passed="1" failed="0" skipped="0">
  <reporter-output>
  </reporter-output>
  <suite started-at="2025-06-21T07:48:36 EDT" name="Default suite" finished-at="2025-06-21T07:48:43 EDT" duration-ms="7061">
    <groups>
    </groups>
    <test started-at="2025-06-21T07:48:36 EDT" name="Default test" finished-at="2025-06-21T07:48:43 EDT" duration-ms="7061">
      <class name="rahulshettyacademy.ExtentReports.ExtentReportDemo">
        <test-method is-config="true" signature="config()[pri:0, instance:rahulshettyacademy.ExtentReports.ExtentReportDemo@563f38c4]" started-at="2025-06-21T07:48:36 EDT" name="config" finished-at="2025-06-21T07:48:36 EDT" duration-ms="300" status="PASS">
          <reporter-output>
          </reporter-output>
        </test-method> <!-- config -->
        <test-method signature="initialDemo()[pri:0, instance:rahulshettyacademy.ExtentReports.ExtentReportDemo@563f38c4]" started-at="2025-06-21T07:48:36 EDT" name="initialDemo" finished-at="2025-06-21T07:48:43 EDT" duration-ms="6712" status="PASS">
          <reporter-output>
          </reporter-output>
        </test-method> <!-- initialDemo -->
      </class> <!-- rahulshettyacademy.ExtentReports.ExtentReportDemo -->
    </test> <!-- Default test -->
  </suite> <!-- Default suite -->
</testng-results>
