<?xml version="1.0" encoding="UTF-8"?>
<!-- Generated by org.testng.reporters.JUnitXMLReporter -->
<testsuite ignored="0" hostname="Rusty" failures="0" tests="5" name="Default test" time="0.059" errors="0" timestamp="2024-11-16T10:40:14 EST">
  <testcase classname="test.Day3" name="LoginAPICarLoan" time="0.01"/>
  <testcase classname="test.Day3" name="MobileLoginCarLoan" time="0.002"/>
  <testcase classname="test.Day3" name="MobileSignInCarLoan" time="0.001"/>
  <testcase classname="test.Day3" name="MobileSignOutCarLoan" time="0.001"/>
  <testcase classname="test.Day3" name="WebLoginCarLoan" time="0.002"/>
</testsuite> <!-- Default test -->
