<?xml version="1.0" encoding="UTF-8"?>
<!-- Generated by org.testng.reporters.JUnitXMLReporter -->
<testsuite ignored="1" hostname="Rusty" failures="0" tests="4" name="Default test" time="0.069" errors="0" timestamp="2024-11-18T08:06:06 EST">
  <testcase classname="test.Day3" name="MobileSignOutCarLoan" time="0.006"/>
  <testcase classname="test.Day3" name="WebLoginCarLoan" time="0.002"/>
  <testcase classname="test.Day3" name="MobileLoginCarLoan" time="0.002"/>
  <testcase classname="test.Day3" name="APICarLoan" time="0.004"/>
  <testcase classname="test.Day3" name="MobileSignInCarLoan" time="0.0">
    <ignored/>
  </testcase> <!-- MobileSignInCarLoan -->
</testsuite> <!-- Default test -->
